#
# A fatal error has been detected by the Java Runtime Environment:
#
#  EXCEPTION_ACCESS_VIOLATION (0xc0000005) at pc=0x0000000064db9609, pid=3124, tid=9692
#
# JRE version: Java(TM) SE Runtime Environment (7.0_71-b14) (build 1.7.0_71-b14)
# Java VM: Java HotSpot(TM) 64-Bit Server VM (24.71-b01 mixed mode windows-amd64 compressed oops)
# Problematic frame:
# V  [jvm.dll+0x199609]
#
# Failed to write core dump. Minidumps are not enabled by default on client versions of Windows
#
# If you would like to submit a bug report, please visit:
#   http://bugreport.sun.com/bugreport/crash.jsp
#

---------------  T H R E A D  ---------------

Current thread (0x000000000868a800):  JavaThread "JDWP Transport Listener: dt_socket" daemon [_thread_in_vm, id=9692, stack(0x0000000009f80000,0x000000000a080000)]

siginfo: ExceptionCode=0xc0000005, reading address 0x0000000000000000

Registers:
RAX=0x0000000000000000, RBX=0x000000000868b3f8, RCX=0x0000000000000000, RDX=0x0000000000000000
RSP=0x000000000a07ec40, RBP=0x000000000a07eca9, RSI=0x0000000000000000, RDI=0x000000000868b400
R8 =0x00000000bda4c3b8, R9 =0x0000000069070000, R10=0x0000000000000000, R11=0x0000000000000000
R12=0x000000000868a800, R13=0x000000000a07f120, R14=0x000000000868a800, R15=0x000000000a07f120
RIP=0x0000000064db9609, EFLAGS=0x0000000000010246

Top of Stack: (sp=0x000000000a07ec40)
0x000000000a07ec40:   000000000868b3f8 000000000a07eca9
0x000000000a07ec50:   0000000000000000 000000000adda460
0x000000000a07ec60:   0000000000000000 0000000000000000
0x000000000a07ec70:   0000000000000000 0000000000000009
0x000000000a07ec80:   0000000000000000 ffffffffffff0101
0x000000000a07ec90:   0000000000000009 0000000000000000
0x000000000a07eca0:   ffffffffffff0101 0000000000000000
0x000000000a07ecb0:   000000000868b3c0 000000000bab0f28
0x000000000a07ecc0:   000000000df21e70 000000000a07f120
0x000000000a07ecd0:   000000000a07f120 000000000868a800
0x000000000a07ece0:   000000000867f270 000000000867ebb0
0x000000000a07ecf0:   0000000000000000 00000000086861a0
0x000000000a07ed00:   000000000a07edb9 0000000064db9f95
0x000000000a07ed10:   00000000000000d8 0000000000000000
0x000000000a07ed20:   000000000868b3c0 000000000868a800
0x000000000a07ed30:   0000000000000000 0000000000000000 

Instructions: (pc=0x0000000064db9609)
0x0000000064db95e9:   85 c0 75 05 48 8b c6 eb 10 49 8b 8c 24 20 01 00
0x0000000064db95f9:   00 48 8b d0 e8 3e b9 e6 ff 48 89 45 c7 4c 8b 03
0x0000000064db9609:   48 8b 08 41 8b 50 3c 85 d2 75 09 41 8b 40 34 89
0x0000000064db9619:   41 3c eb 03 89 51 3c 4d 8b a4 24 18 01 00 00 33 


Register to memory mapping:

RAX=0x0000000000000000 is an unknown value
RBX=0x000000000868b3f8 is an unknown value
RCX=0x0000000000000000 is an unknown value
RDX=0x0000000000000000 is an unknown value
RSP=0x000000000a07ec40 is pointing into the stack for thread: 0x000000000868a800
RBP=0x000000000a07eca9 is pointing into the stack for thread: 0x000000000868a800
RSI=0x0000000000000000 is an unknown value
RDI=0x000000000868b400 is an unknown value
R8 =0x00000000bda4c3b8 is an oop

[error occurred during error reporting (printing register info), id 0xe0000000]

Stack: [0x0000000009f80000,0x000000000a080000],  sp=0x000000000a07ec40,  free space=1019k
Native frames: (J=compiled Java code, j=interpreted, Vv=VM code, C=native code)
V  [jvm.dll+0x199609]


---------------  P R O C E S S  ---------------

Java Threads: ( => current thread )
  0x000000000abeb000 JavaThread "Druid-ConnectionPool-Destory-1862318707" daemon [_thread_blocked, id=6988, stack(0x000000000d370000,0x000000000d470000)]
  0x000000000abe8000 JavaThread "Druid-ConnectionPool-Create-1862318707" daemon [_thread_blocked, id=3096, stack(0x0000000013150000,0x0000000013250000)]
  0x000000000abea000 JavaThread "Abandoned connection cleanup thread" daemon [_thread_blocked, id=6176, stack(0x0000000008f60000,0x0000000009060000)]
  0x000000000abe9800 JavaThread "HashSessionScavenger-2" daemon [_thread_blocked, id=5232, stack(0x0000000013050000,0x0000000013150000)]
  0x000000000abe8800 JavaThread "Abandoned connection cleanup thread" daemon [_thread_blocked, id=8000, stack(0x000000000a2d0000,0x000000000a3d0000)]
  0x000000000abe7000 JavaThread "Scanner-0" daemon [_thread_blocked, id=7208, stack(0x0000000012f10000,0x0000000013010000)]
  0x000000000abe6800 JavaThread "qtp1493115112-26" [_thread_blocked, id=8040, stack(0x0000000009340000,0x0000000009440000)]
  0x000000000abe5800 JavaThread "qtp1493115112-25" [_thread_blocked, id=7848, stack(0x0000000012c40000,0x0000000012d40000)]
  0x000000000c447800 JavaThread "qtp1493115112-24" [_thread_blocked, id=8988, stack(0x0000000012740000,0x0000000012840000)]
  0x000000000e464800 JavaThread "qtp1493115112-23" [_thread_blocked, id=5740, stack(0x0000000012d60000,0x0000000012e60000)]
  0x000000000feb2800 JavaThread "qtp1493115112-22 Acceptor0 SelectChannelConnector@0.0.0.0:9080" [_thread_in_native, id=7476, stack(0x0000000012b40000,0x0000000012c40000)]
  0x000000000da10800 JavaThread "qtp1493115112-21" [_thread_blocked, id=7404, stack(0x0000000012a40000,0x0000000012b40000)]
  0x0000000010790800 JavaThread "qtp1493115112-20 Selector0" [_thread_in_native, id=9560, stack(0x00000000128b0000,0x00000000129b0000)]
  0x000000000dfd7800 JavaThread "qtp1493115112-19" [_thread_blocked, id=5080, stack(0x000000000e610000,0x000000000e710000)]
  0x000000000a9f6800 JavaThread "Abandoned connection cleanup thread" daemon [_thread_blocked, id=9532, stack(0x000000000d270000,0x000000000d370000)]
  0x00000000086b3800 JavaThread "Service Thread" daemon [_thread_blocked, id=6376, stack(0x0000000009b70000,0x0000000009c70000)]
  0x00000000086af800 JavaThread "C2 CompilerThread1" daemon [_thread_blocked, id=3748, stack(0x000000000a400000,0x000000000a500000)]
  0x00000000086a4000 JavaThread "C2 CompilerThread0" daemon [_thread_blocked, id=7508, stack(0x000000000a1a0000,0x000000000a2a0000)]
  0x0000000008696000 JavaThread "JDWP Command Reader" daemon [_thread_in_native, id=9120, stack(0x0000000009e60000,0x0000000009f60000)]
  0x0000000008692800 JavaThread "JDWP Event Helper Thread" daemon [_thread_blocked, id=9788, stack(0x000000000a080000,0x000000000a180000)]
=>0x000000000868a800 JavaThread "JDWP Transport Listener: dt_socket" daemon [_thread_in_vm, id=9692, stack(0x0000000009f80000,0x000000000a080000)]
  0x000000000867b000 JavaThread "Attach Listener" daemon [_thread_blocked, id=9836, stack(0x00000000097e0000,0x00000000098e0000)]
  0x000000000867a000 JavaThread "Signal Dispatcher" daemon [_thread_blocked, id=1372, stack(0x0000000009600000,0x0000000009700000)]
  0x000000000255f800 JavaThread "Finalizer" daemon [_thread_blocked, id=5656, stack(0x0000000009460000,0x0000000009560000)]
  0x000000000255d800 JavaThread "Reference Handler" daemon [_thread_blocked, id=7296, stack(0x0000000009240000,0x0000000009340000)]
  0x0000000002480000 JavaThread "main" [_thread_blocked, id=7884, stack(0x00000000027b0000,0x00000000028b0000)]

Other Threads:
  0x0000000008603000 VMThread [stack: 0x0000000009120000,0x0000000009220000] [id=6344]
  0x00000000086bd800 WatcherThread [stack: 0x000000000a5a0000,0x000000000a6a0000] [id=6128]

VM state:not at safepoint (normal execution)

VM Mutex/Monitor currently owned by a thread: None

Heap
 PSYoungGen      total 257536K, used 33K [0x00000000eb000000, 0x00000000ff380000, 0x0000000100000000)
  eden space 187904K, 0% used [0x00000000eb000000,0x00000000eb008768,0x00000000f6780000)
  from space 69632K, 0% used [0x00000000faf80000,0x00000000faf80000,0x00000000ff380000)
  to   space 71680K, 0% used [0x00000000f6780000,0x00000000f6780000,0x00000000fad80000)
 ParOldGen       total 422400K, used 28669K [0x00000000c1000000, 0x00000000dac80000, 0x00000000eb000000)
  object space 422400K, 6% used [0x00000000c1000000,0x00000000c2bff4b8,0x00000000dac80000)
 PSPermGen       total 83968K, used 83967K [0x00000000bbe00000, 0x00000000c1000000, 0x00000000c1000000)
  object space 83968K, 99% used [0x00000000bbe00000,0x00000000c0fffc20,0x00000000c1000000)

Card table byte_map: [0x00000000058b0000,0x0000000005ae0000] byte_map_base: 0x00000000052d1000

Polling page: 0x0000000000220000

Code Cache  [0x00000000028b0000, 0x0000000002dc0000, 0x00000000058b0000)
 total_blobs=1742 nmethods=1261 adapters=441 free_code_cache=44125Kb largest_free_block=45052544

Compilation events (10 events):
Event: 457.034 Thread 0x00000000086af800 nmethod 1433 0x0000000002c70b50 code [0x0000000002c70ca0, 0x0000000002c71168]
Event: 457.034 Thread 0x00000000086af800 1434             org.springframework.util.ConcurrentReferenceHashMap::purgeUnreferencedEntries (33 bytes)
Event: 457.036 Thread 0x00000000086af800 nmethod 1434 0x0000000002d94650 code [0x0000000002d947a0, 0x0000000002d94928]
Event: 457.054 Thread 0x00000000086af800 1435             org.springframework.util.ObjectUtils::nullSafeEquals (337 bytes)
Event: 457.058 Thread 0x00000000086af800 nmethod 1435 0x0000000002d95050 code [0x0000000002d95240, 0x0000000002d955b0]
Event: 457.062 Thread 0x00000000086af800 1436             org.springframework.core.ResolvableType::getSource (34 bytes)
Event: 457.063 Thread 0x00000000086af800 nmethod 1436 0x0000000002d30b50 code [0x0000000002d30c80, 0x0000000002d30d18]
Event: 457.074 Thread 0x00000000086af800 1437             java.lang.reflect.Field::getName (5 bytes)
Event: 457.074 Thread 0x00000000086af800 nmethod 1437 0x0000000002d82390 code [0x0000000002d824c0, 0x0000000002d82518]
Event: 457.094 Thread 0x00000000086a4000 nmethod 1427 0x0000000002da4e50 code [0x0000000002da58a0, 0x0000000002dabd80]

GC Heap History (10 events):
Event: 458.709 GC heap before
{Heap before GC invocations=32 (full 8):
 PSYoungGen      total 263168K, used 128K [0x00000000eb000000, 0x00000000ffc00000, 0x0000000100000000)
  eden space 185856K, 0% used [0x00000000eb000000,0x00000000eb000000,0x00000000f6580000)
  from space 77312K, 0% used [0x00000000fb080000,0x00000000fb0a0000,0x00000000ffc00000)
  to   space 76800K, 0% used [0x00000000f6580000,0x00000000f6580000,0x00000000fb080000)
 ParOldGen       total 233984K, used 28657K [0x00000000c1000000, 0x00000000cf480000, 0x00000000eb000000)
  object space 233984K, 12% used [0x00000000c1000000,0x00000000c2bfc608,0x00000000cf480000)
 PSPermGen       total 83968K, used 83967K [0x00000000bbe00000, 0x00000000c1000000, 0x00000000c1000000)
  object space 83968K, 99% used [0x00000000bbe00000,0x00000000c0ffffe0,0x00000000c1000000)
Event: 459.066 GC heap after
Heap after GC invocations=32 (full 8):
 PSYoungGen      total 263168K, used 0K [0x00000000eb000000, 0x00000000ffc00000, 0x0000000100000000)
  eden space 185856K, 0% used [0x00000000eb000000,0x00000000eb000000,0x00000000f6580000)
  from space 77312K, 0% used [0x00000000fb080000,0x00000000fb080000,0x00000000ffc00000)
  to   space 76800K, 0% used [0x00000000f6580000,0x00000000f6580000,0x00000000fb080000)
 ParOldGen       total 288768K, used 28606K [0x00000000c1000000, 0x00000000d2a00000, 0x00000000eb000000)
  object space 288768K, 9% used [0x00000000c1000000,0x00000000c2bef8e0,0x00000000d2a00000)
 PSPermGen       total 83968K, used 83841K [0x00000000bbe00000, 0x00000000c1000000, 0x00000000c1000000)
  object space 83968K, 99% used [0x00000000bbe00000,0x00000000c0fe07f8,0x00000000c1000000)
}
Event: 477.254 GC heap before
{Heap before GC invocations=33 (full 8):
 PSYoungGen      total 263168K, used 4750K [0x00000000eb000000, 0x00000000ffc00000, 0x0000000100000000)
  eden space 185856K, 2% used [0x00000000eb000000,0x00000000eb4a3b48,0x00000000f6580000)
  from space 77312K, 0% used [0x00000000fb080000,0x00000000fb080000,0x00000000ffc00000)
  to   space 76800K, 0% used [0x00000000f6580000,0x00000000f6580000,0x00000000fb080000)
 ParOldGen       total 288768K, used 28606K [0x00000000c1000000, 0x00000000d2a00000, 0x00000000eb000000)
  object space 288768K, 9% used [0x00000000c1000000,0x00000000c2bef8e0,0x00000000d2a00000)
 PSPermGen       total 83968K, used 83967K [0x00000000bbe00000, 0x00000000c1000000, 0x00000000c1000000)
  object space 83968K, 99% used [0x00000000bbe00000,0x00000000c0fffc20,0x00000000c1000000)
Event: 477.258 GC heap after
Heap after GC invocations=33 (full 8):
 PSYoungGen      total 186368K, used 320K [0x00000000eb000000, 0x00000000ff800000, 0x0000000100000000)
  eden space 185856K, 0% used [0x00000000eb000000,0x00000000eb000000,0x00000000f6580000)
  from space 512K, 62% used [0x00000000f6580000,0x00000000f65d0000,0x00000000f6600000)
  to   space 74240K, 0% used [0x00000000faf80000,0x00000000faf80000,0x00000000ff800000)
 ParOldGen       total 288768K, used 28606K [0x00000000c1000000, 0x00000000d2a00000, 0x00000000eb000000)
  object space 288768K, 9% used [0x00000000c1000000,0x00000000c2bef8e0,0x00000000d2a00000)
 PSPermGen       total 83968K, used 83967K [0x00000000bbe00000, 0x00000000c1000000, 0x00000000c1000000)
  object space 83968K, 99% used [0x00000000bbe00000,0x00000000c0fffc20,0x00000000c1000000)
}
Event: 477.258 GC heap before
{Heap before GC invocations=34 (full 9):
 PSYoungGen      total 186368K, used 320K [0x00000000eb000000, 0x00000000ff800000, 0x0000000100000000)
  eden space 185856K, 0% used [0x00000000eb000000,0x00000000eb000000,0x00000000f6580000)
  from space 512K, 62% used [0x00000000f6580000,0x00000000f65d0000,0x00000000f6600000)
  to   space 74240K, 0% used [0x00000000faf80000,0x00000000faf80000,0x00000000ff800000)
 ParOldGen       total 288768K, used 28606K [0x00000000c1000000, 0x00000000d2a00000, 0x00000000eb000000)
  object space 288768K, 9% used [0x00000000c1000000,0x00000000c2bef8e0,0x00000000d2a00000)
 PSPermGen       total 83968K, used 83967K [0x00000000bbe00000, 0x00000000c1000000, 0x00000000c1000000)
  object space 83968K, 99% used [0x00000000bbe00000,0x00000000c0fffc20,0x00000000c1000000)
Event: 477.467 GC heap after
Heap after GC invocations=34 (full 9):
 PSYoungGen      total 186368K, used 0K [0x00000000eb000000, 0x00000000ff800000, 0x0000000100000000)
  eden space 185856K, 0% used [0x00000000eb000000,0x00000000eb000000,0x00000000f6580000)
  from space 512K, 0% used [0x00000000f6580000,0x00000000f6580000,0x00000000f6600000)
  to   space 74240K, 0% used [0x00000000faf80000,0x00000000faf80000,0x00000000ff800000)
 ParOldGen       total 348160K, used 28746K [0x00000000c1000000, 0x00000000d6400000, 0x00000000eb000000)
  object space 348160K, 8% used [0x00000000c1000000,0x00000000c2c129c0,0x00000000d6400000)
 PSPermGen       total 83968K, used 83967K [0x00000000bbe00000, 0x00000000c1000000, 0x00000000c1000000)
  object space 83968K, 99% used [0x00000000bbe00000,0x00000000c0fffc20,0x00000000c1000000)
}
Event: 477.467 GC heap before
{Heap before GC invocations=35 (full 9):
 PSYoungGen      total 186368K, used 0K [0x00000000eb000000, 0x00000000ff800000, 0x0000000100000000)
  eden space 185856K, 0% used [0x00000000eb000000,0x00000000eb000000,0x00000000f6580000)
  from space 512K, 0% used [0x00000000f6580000,0x00000000f6580000,0x00000000f6600000)
  to   space 74240K, 0% used [0x00000000faf80000,0x00000000faf80000,0x00000000ff800000)
 ParOldGen       total 348160K, used 28746K [0x00000000c1000000, 0x00000000d6400000, 0x00000000eb000000)
  object space 348160K, 8% used [0x00000000c1000000,0x00000000c2c129c0,0x00000000d6400000)
 PSPermGen       total 83968K, used 83967K [0x00000000bbe00000, 0x00000000c1000000, 0x00000000c1000000)
  object space 83968K, 99% used [0x00000000bbe00000,0x00000000c0fffc20,0x00000000c1000000)
Event: 477.470 GC heap after
Heap after GC invocations=35 (full 9):
 PSYoungGen      total 257536K, used 0K [0x00000000eb000000, 0x00000000ff380000, 0x0000000100000000)
  eden space 187904K, 0% used [0x00000000eb000000,0x00000000eb000000,0x00000000f6780000)
  from space 69632K, 0% used [0x00000000faf80000,0x00000000faf80000,0x00000000ff380000)
  to   space 71680K, 0% used [0x00000000f6780000,0x00000000f6780000,0x00000000fad80000)
 ParOldGen       total 348160K, used 28746K [0x00000000c1000000, 0x00000000d6400000, 0x00000000eb000000)
  object space 348160K, 8% used [0x00000000c1000000,0x00000000c2c129c0,0x00000000d6400000)
 PSPermGen       total 83968K, used 83967K [0x00000000bbe00000, 0x00000000c1000000, 0x00000000c1000000)
  object space 83968K, 99% used [0x00000000bbe00000,0x00000000c0fffc20,0x00000000c1000000)
}
Event: 477.470 GC heap before
{Heap before GC invocations=36 (full 10):
 PSYoungGen      total 257536K, used 0K [0x00000000eb000000, 0x00000000ff380000, 0x0000000100000000)
  eden space 187904K, 0% used [0x00000000eb000000,0x00000000eb000000,0x00000000f6780000)
  from space 69632K, 0% used [0x00000000faf80000,0x00000000faf80000,0x00000000ff380000)
  to   space 71680K, 0% used [0x00000000f6780000,0x00000000f6780000,0x00000000fad80000)
 ParOldGen       total 348160K, used 28746K [0x00000000c1000000, 0x00000000d6400000, 0x00000000eb000000)
  object space 348160K, 8% used [0x00000000c1000000,0x00000000c2c129c0,0x00000000d6400000)
 PSPermGen       total 83968K, used 83967K [0x00000000bbe00000, 0x00000000c1000000, 0x00000000c1000000)
  object space 83968K, 99% used [0x00000000bbe00000,0x00000000c0fffc20,0x00000000c1000000)
Event: 477.785 GC heap after
Heap after GC invocations=36 (full 10):
 PSYoungGen      total 257536K, used 0K [0x00000000eb000000, 0x00000000ff380000, 0x0000000100000000)
  eden space 187904K, 0% used [0x00000000eb000000,0x00000000eb000000,0x00000000f6780000)
  from space 69632K, 0% used [0x00000000faf80000,0x00000000faf80000,0x00000000ff380000)
  to   space 71680K, 0% used [0x00000000f6780000,0x00000000f6780000,0x00000000fad80000)
 ParOldGen       total 422400K, used 28669K [0x00000000c1000000, 0x00000000dac80000, 0x00000000eb000000)
  object space 422400K, 6% used [0x00000000c1000000,0x00000000c2bff4b8,0x00000000dac80000)
 PSPermGen       total 83968K, used 83967K [0x00000000bbe00000, 0x00000000c1000000, 0x00000000c1000000)
  object space 83968K, 99% used [0x00000000bbe00000,0x00000000c0fffc20,0x00000000c1000000)
}

Deoptimization events (10 events):
Event: 459.829 Thread 0x000000000abe7000 Uncommon trap: reason=unhandled action=none pc=0x0000000002b1c810 method=java.net.URLClassLoader$1.run()Ljava/lang/Class; @ 72
Event: 459.830 Thread 0x000000000abe7000 Uncommon trap: reason=unhandled action=none pc=0x0000000002b1c810 method=java.net.URLClassLoader$1.run()Ljava/lang/Class; @ 72
Event: 459.830 Thread 0x000000000abe7000 Uncommon trap: reason=unhandled action=none pc=0x0000000002b1c810 method=java.net.URLClassLoader$1.run()Ljava/lang/Class; @ 72
Event: 459.830 Thread 0x000000000abe7000 Uncommon trap: reason=unhandled action=none pc=0x0000000002b1c810 method=java.net.URLClassLoader$1.run()Ljava/lang/Class; @ 72
Event: 459.833 Thread 0x000000000abe7000 Uncommon trap: reason=unhandled action=none pc=0x0000000002b1c810 method=java.net.URLClassLoader$1.run()Ljava/lang/Class; @ 72
Event: 459.835 Thread 0x000000000abe7000 Uncommon trap: reason=unhandled action=none pc=0x0000000002b1c810 method=java.net.URLClassLoader$1.run()Ljava/lang/Class; @ 72
Event: 459.835 Thread 0x000000000abe7000 Uncommon trap: reason=unhandled action=none pc=0x0000000002b1c810 method=java.net.URLClassLoader$1.run()Ljava/lang/Class; @ 72
Event: 459.835 Thread 0x000000000abe7000 Uncommon trap: reason=unhandled action=none pc=0x0000000002b1c810 method=java.net.URLClassLoader$1.run()Ljava/lang/Class; @ 72
Event: 459.835 Thread 0x000000000abe7000 Uncommon trap: reason=unhandled action=none pc=0x0000000002b1c810 method=java.net.URLClassLoader$1.run()Ljava/lang/Class; @ 72
Event: 477.785 Thread 0x000000000255f800 Uncommon trap: reason=unreached action=reinterpret pc=0x000000000299f2f8 method=java.lang.ref.Finalizer.remove()V @ 10

Internal exceptions (10 events):
Event: 459.829 Thread 0x000000000abe7000 Threw 0x00000000eb09c520 at C:\re\jdk7u71\1605\hotspot\src\share\vm\prims\jvm.cpp:1281
Event: 459.830 Thread 0x000000000abe7000 Threw 0x00000000eb09cb90 at C:\re\jdk7u71\1605\hotspot\src\share\vm\prims\jvm.cpp:1281
Event: 459.830 Thread 0x000000000abe7000 Threw 0x00000000eb09d230 at C:\re\jdk7u71\1605\hotspot\src\share\vm\prims\jvm.cpp:1281
Event: 459.830 Thread 0x000000000abe7000 Threw 0x00000000eb0a2510 at C:\re\jdk7u71\1605\hotspot\src\share\vm\prims\jvm.cpp:1281
Event: 459.833 Thread 0x000000000abe7000 Threw 0x00000000eb1486a8 at C:\re\jdk7u71\1605\hotspot\src\share\vm\prims\jvm.cpp:1281
Event: 459.835 Thread 0x000000000abe7000 Threw 0x00000000eb160f48 at C:\re\jdk7u71\1605\hotspot\src\share\vm\prims\jvm.cpp:1281
Event: 459.835 Thread 0x000000000abe7000 Threw 0x00000000eb1665a0 at C:\re\jdk7u71\1605\hotspot\src\share\vm\prims\jvm.cpp:1281
Event: 459.835 Thread 0x000000000abe7000 Threw 0x00000000eb16bca8 at C:\re\jdk7u71\1605\hotspot\src\share\vm\prims\jvm.cpp:1281
Event: 459.835 Thread 0x000000000abe7000 Threw 0x00000000eb1713b0 at C:\re\jdk7u71\1605\hotspot\src\share\vm\prims\jvm.cpp:1281
Event: 477.785 Thread 0x000000000868a800 Threw 0x00000000bbeaca20 at C:\re\jdk7u71\1605\hotspot\src\share\vm\gc_interface/collectedHeap.inline.hpp:225

Events (10 events):
Event: 459.835 Thread 0x000000000abe7000 DEOPT UNPACKING pc=0x00000000028e9064 sp=0x000000001300d768 mode 2
Event: 459.835 Thread 0x000000000abe7000 DEOPT PACKING pc=0x0000000002c6a8c0 sp=0x000000001300e340
Event: 459.835 Thread 0x000000000abe7000 DEOPT UNPACKING pc=0x00000000028e8eb9 sp=0x000000001300e058 mode 1
Event: 459.835 Thread 0x000000000abe7000 DEOPT PACKING pc=0x0000000002d5dae4 sp=0x000000001300e380
Event: 459.835 Thread 0x000000000abe7000 DEOPT UNPACKING pc=0x00000000028e8eb9 sp=0x000000001300e0e8 mode 1
Event: 477.254 Executing VM operation: ParallelGCFailedPermanentAllocation
Event: 477.785 Executing VM operation: ParallelGCFailedPermanentAllocation done
Event: 477.785 Thread 0x000000000255f800 Uncommon trap: trap_request=0xffffffad fr.pc=0x000000000299f2f8
Event: 477.785 Thread 0x000000000255f800 DEOPT PACKING pc=0x000000000299f2f8 sp=0x000000000955f5e0
Event: 477.785 Thread 0x000000000255f800 DEOPT UNPACKING pc=0x00000000028e9064 sp=0x000000000955f528 mode 2


Dynamic libraries:
0x000000013f9d0000 - 0x000000013fa03000 	C:\Program Files\Java\jdk1.7.0_71\bin\javaw.exe
0x0000000077640000 - 0x00000000777e8000 	C:\Windows\SYSTEM32\ntdll.dll
0x00000000772c0000 - 0x00000000773df000 	C:\Windows\system32\kernel32.dll
0x000007fefdb50000 - 0x000007fefdbbc000 	C:\Windows\system32\KERNELBASE.dll
0x000007fefde80000 - 0x000007fefdf5b000 	C:\Windows\system32\ADVAPI32.dll
0x000007feff580000 - 0x000007feff61f000 	C:\Windows\system32\msvcrt.dll
0x000007fefe330000 - 0x000007fefe34f000 	C:\Windows\SYSTEM32\sechost.dll
0x000007fefe3d0000 - 0x000007fefe4fd000 	C:\Windows\system32\RPCRT4.dll
0x0000000077540000 - 0x000000007763a000 	C:\Windows\system32\USER32.dll
0x000007feff790000 - 0x000007feff7f7000 	C:\Windows\system32\GDI32.dll
0x000007fefdf60000 - 0x000007fefdf6e000 	C:\Windows\system32\LPK.dll
0x000007feff6c0000 - 0x000007feff789000 	C:\Windows\system32\USP10.dll
0x000007fefc2b0000 - 0x000007fefc4a4000 	C:\Windows\WinSxS\amd64_microsoft.windows.common-controls_6595b64144ccf1df_6.0.7601.18837_none_fa3b1e3d17594757\COMCTL32.dll
0x000007feff830000 - 0x000007feff8a1000 	C:\Windows\system32\SHLWAPI.dll
0x000007feff800000 - 0x000007feff82e000 	C:\Windows\system32\IMM32.DLL
0x000007feff290000 - 0x000007feff399000 	C:\Windows\system32\MSCTF.dll
0x0000000069070000 - 0x0000000069142000 	C:\Program Files\Java\jdk1.7.0_71\jre\bin\msvcr100.dll
0x0000000064c20000 - 0x00000000653f3000 	C:\Program Files\Java\jdk1.7.0_71\jre\bin\server\jvm.dll
0x000007fefb1a0000 - 0x000007fefb1a9000 	C:\Windows\system32\WSOCK32.dll
0x000007fefdf70000 - 0x000007fefdfbd000 	C:\Windows\system32\WS2_32.dll
0x000007fefde70000 - 0x000007fefde78000 	C:\Windows\system32\NSI.dll
0x000007fefac00000 - 0x000007fefac3b000 	C:\Windows\system32\WINMM.dll
0x0000000077810000 - 0x0000000077817000 	C:\Windows\system32\PSAPI.DLL
0x000000006b810000 - 0x000000006b81f000 	C:\Program Files\Java\jdk1.7.0_71\jre\bin\verify.dll
0x000000006b7e0000 - 0x000000006b808000 	C:\Program Files\Java\jdk1.7.0_71\jre\bin\java.dll
0x000000006b7a0000 - 0x000000006b7d5000 	C:\Program Files\Java\jdk1.7.0_71\jre\bin\jdwp.dll
0x000000006b820000 - 0x000000006b828000 	C:\Program Files\Java\jdk1.7.0_71\jre\bin\npt.dll
0x000000006b780000 - 0x000000006b795000 	C:\Program Files\Java\jdk1.7.0_71\jre\bin\zip.dll
0x000000006b770000 - 0x000000006b779000 	C:\Program Files\Java\jdk1.7.0_71\jre\bin\dt_socket.dll
0x000007fefbe00000 - 0x000007fefbe15000 	C:\Windows\system32\NLAapi.dll
0x000007fef63e0000 - 0x000007fef63f5000 	C:\Windows\system32\napinsp.dll
0x000007fef6160000 - 0x000007fef6179000 	C:\Windows\system32\pnrpnsp.dll
0x000007fefd2d0000 - 0x000007fefd325000 	C:\Windows\System32\mswsock.dll
0x000007fefd150000 - 0x000007fefd1ab000 	C:\Windows\system32\DNSAPI.dll
0x000007fef6150000 - 0x000007fef615b000 	C:\Windows\System32\winrnr.dll
0x000007fefbc90000 - 0x000007fefbcb7000 	C:\Windows\system32\IPHLPAPI.DLL
0x000007fefbc70000 - 0x000007fefbc7b000 	C:\Windows\system32\WINNSI.DLL
0x000007fefbb70000 - 0x000007fefbbc3000 	C:\Windows\System32\fwpuclnt.dll
0x000007fefaeb0000 - 0x000007fefaeb8000 	C:\Windows\system32\rasadhlp.dll
0x000007fefccd0000 - 0x000007fefccd7000 	C:\Windows\System32\wshtcpip.dll
0x000000006b5f0000 - 0x000000006b609000 	C:\Program Files\Java\jdk1.7.0_71\jre\bin\net.dll
0x000007fefd2c0000 - 0x000007fefd2c7000 	C:\Windows\System32\wship6.dll
0x000000006b5d0000 - 0x000000006b5e1000 	C:\Program Files\Java\jdk1.7.0_71\jre\bin\nio.dll
0x000007fefd930000 - 0x000007fefd987000 	C:\Windows\system32\apphelp.dll
0x000000006b5c0000 - 0x000000006b5cb000 	C:\Program Files\Java\jdk1.7.0_71\jre\bin\management.dll
0x000007fefd330000 - 0x000007fefd347000 	C:\Windows\system32\CRYPTSP.dll
0x000007fefd030000 - 0x000007fefd077000 	C:\Windows\system32\rsaenh.dll
0x000007fefcdf0000 - 0x000007fefce0e000 	C:\Windows\system32\USERENV.dll
0x000007fefdaa0000 - 0x000007fefdaaf000 	C:\Windows\system32\profapi.dll
0x000007fefd990000 - 0x000007fefd99f000 	C:\Windows\system32\CRYPTBASE.dll
0x000007fefbb40000 - 0x000007fefbb51000 	C:\Windows\system32\dhcpcsvc6.DLL
0x000007fefbb20000 - 0x000007fefbb38000 	C:\Windows\system32\dhcpcsvc.DLL
0x000007fef74c0000 - 0x000007fef75e5000 	C:\Windows\system32\dbghelp.dll

VM Arguments:
jvm_args: -agentlib:jdwp=transport=dt_socket,suspend=y,address=localhost:26493 -Dmaven.home=D:\apache-maven-3.1.0 -Dclassworlds.conf=E:\workspace\.metadata\.plugins\org.eclipse.m2e.launching\launches\m2conf3312750238098605161.tmp -Dfile.encoding=UTF-8 
java_command: org.codehaus.plexus.classworlds.launcher.Launcher -B -s D:\apache-maven-3.1.0\conf\settings.xml jetty:run
Launcher Type: SUN_STANDARD

Environment Variables:
JAVA_HOME=C:\Program Files\Java\jdk1.7.0_71
CLASSPATH=.;C:\Program Files\Java\jdk1.7.0_71\lib;C:\Program Files\Java\jdk1.7.0_71\lib\tools.jar
PATH=C:\Windows\system32;C:\Windows;C:\Windows\System32\Wbem;C:\Windows\System32\WindowsPowerShell\v1.0\;C:\Program Files\Microsoft\Web Platform Installer\;C:\Program Files (x86)\Microsoft ASP.NET\ASP.NET Web Pages\v1.0\;C:\Program Files (x86)\Windows Kits\8.0\Windows Performance Toolkit\;C:\Program Files\Microsoft SQL Server\110\Tools\Binn\;C:\Program Files\TortoiseSVN\bin;D:\program files\skype\Phone\;C:\Program Files\Java\jdk1.7.0_71\bin;C:\Program Files\Java\jdk1.7.0_71\jre\bin;D:\apache-tomcat-7.0.63\lib;D:\apache-tomcat-7.0.63\bin;D:\apache-maven-3.1.0\bin;C:\Program Files (x86)\IDM Computer Solutions\UltraEdit\
USERNAME=Administrator
OS=Windows_NT
PROCESSOR_IDENTIFIER=Intel64 Family 6 Model 15 Stepping 11, GenuineIntel



---------------  S Y S T E M  ---------------

OS: Windows 7 , 64 bit Build 7601 Service Pack 1

CPU:total 2 (2 cores per cpu, 1 threads per core) family 6 model 15 stepping 11, cmov, cx8, fxsr, mmx, sse, sse2, sse3, ssse3, tsc

Memory: 4k page, physical 4125860k(892896k free), swap 8249868k(2842476k free)

vm_info: Java HotSpot(TM) 64-Bit Server VM (24.71-b01) for windows-amd64 JRE (1.7.0_71-b14), built on Sep 26 2014 16:16:12 by "java_re" with unknown MS VC++:1600

time: Mon Aug 10 18:44:14 2015
elapsed time: 477 seconds

